Got connected!
Waiting for clear bus
Bus clear!
Sending initialize signals
In read loop
[33m-------PACKET-------[0m
[33mSource: (18) CDW - CDC CD-Player[0m
[33mDestination: (FF) Broadcast[0m
[33mLength: 4[0m
[33mData: ['02', '01'][0m
[33m[0m
Checking directive: S:18 D:FF Dat:0201
[33m-------PACKET-------[0m
[33mSource: (80) IKE Instrument Control Electronics[0m
[33mDestination: (BF) LCM Light Control Module[0m
[33mLength: 4[0m
[33mData: ['11', '01'][0m
[33m[0m
Checking directive: S:80 D:BF Dat:1101
[33m-------PACKET-------[0m
[33mSource: (00) Broadcast[0m
[33mDestination: (BF) LCM Light Control Module[0m
[33mLength: 5[0m
[33mData: ['7A', '55', '00'][0m
[33m[0m
Checking directive: S:00 D:BF Dat:7A5500
[33m-------PACKET-------[0m
[33mSource: (D0) Navigation Location[0m
[33mDestination: (BF) LCM Light Control Module[0m
[33mLength: 7[0m
[33mData: ['5C', 'FF', '3F', '7F', '00'][0m
[33m[0m
Checking directive: S:D0 D:BF Dat:5CFF3F7F00
[33m-------PACKET-------[0m
[33mSource: (D0) Navigation Location[0m
[33mDestination: (BF) LCM Light Control Module[0m
[33mLength: 7[0m
[33mData: ['5C', 'FF', '54', '00', '00'][0m
[33m[0m
Checking directive: S:D0 D:BF Dat:5CFF540000
[33m-------PACKET-------[0m
[33mSource: (D0) Navigation Location[0m
[33mDestination: (BF) LCM Light Control Module[0m
[33mLength: 7[0m
[33mData: ['5C', 'FF', '54', '7F', '00'][0m
[33m[0m
Checking directive: S:D0 D:BF Dat:5CFF547F00
[33m-------PACKET-------[0m
[33mSource: (D0) Navigation Location[0m
[33mDestination: (BF) LCM Light Control Module[0m
[33mLength: 7[0m
[33mData: ['5C', 'FF', '70', '00', '00'][0m
[33m[0m
Checking directive: S:D0 D:BF Dat:5CFF700000
[33m-------PACKET-------[0m
[33mSource: (D0) Navigation Location[0m
[33mDestination: (BF) LCM Light Control Module[0m
[33mLength: 7[0m
[33mData: ['5C', 'FF', '70', '7F', '00'][0m
[33m[0m
Checking directive: S:D0 D:BF Dat:5CFF707F00
[33m-------PACKET-------[0m
[33mSource: (D0) Navigation Location[0m
[33mDestination: (BF) LCM Light Control Module[0m
[33mLength: 7[0m
[33mData: ['5C', 'FF', '92', '00', '00'][0m
[33m[0m
Checking directive: S:D0 D:BF Dat:5CFF920000
[33m-------PACKET-------[0m
[33mSource: (68) RAD Radio[0m
[33mDestination: (18) CDW - CDC CD-Player[0m
[33mLength: 3[0m
[33mData: ['01'][0m
[33m[0m
Checking directive: S:68 D:18 Dat:01
Detected cdPollResponse!
[33m-------PACKET-------[0m
[33mSource: (68) RAD Radio[0m
[33mDestination: (18) CDW - CDC CD-Player[0m
[33mLength: 3[0m
[33mData: ['01'][0m
[33m[0m
Checking directive: S:68 D:18 Dat:01
Detected cdPollResponse!
[33m-------PACKET-------[0m
[33mSource: (18) CDW - CDC CD-Player[0m
[33mDestination: (FF) Broadcast[0m
[33mLength: 4[0m
[33mData: ['02', '00'][0m
[33m[0m
Checking directive: S:18 D:FF Dat:0200
[33m-------PACKET-------[0m
[33mSource: (D0) Navigation Location[0m
[33mDestination: (BF) LCM Light Control Module[0m
[33mLength: 7[0m
[33mData: ['5C', 'FF', '92', 'A0', '00'][0m
[33m[0m
Checking directive: S:D0 D:BF Dat:5CFF92A000
[33m-------PACKET-------[0m
[33mSource: (D0) Navigation Location[0m
[33mDestination: (BF) LCM Light Control Module[0m
[33mLength: 7[0m
[33mData: ['5C', 'FF', '70', '00', '00'][0m
[33m[0m
Checking directive: S:D0 D:BF Dat:5CFF700000
[33m-------PACKET-------[0m
[33mSource: (D0) Navigation Location[0m
[33mDestination: (BF) LCM Light Control Module[0m
[33mLength: 7[0m
[33mData: ['5C', 'FF', '70', '7F', '00'][0m
[33m[0m
Checking directive: S:D0 D:BF Dat:5CFF707F00
[33m-------PACKET-------[0m
[33mSource: (D0) Navigation Location[0m
[33mDestination: (BF) LCM Light Control Module[0m
[33mLength: 7[0m
[33mData: ['5C', 'FF', '92', '00', '00'][0m
[33m[0m
Checking directive: S:D0 D:BF Dat:5CFF920000
[33m-------PACKET-------[0m
[33mSource: (80) IKE Instrument Control Electronics[0m
[33mDestination: (BF) LCM Light Control Module[0m
[33mLength: 4[0m
[33mData: ['11', '03'][0m
[33m[0m
Checking directive: S:80 D:BF Dat:1103
[33m-------PACKET-------[0m
[33mSource: (00) Broadcast[0m
[33mDestination: (BF) LCM Light Control Module[0m
[33mLength: 4[0m
[33mData: ['72', '02'][0m
[33m[0m
Checking directive: S:00 D:BF Dat:7202
[33m-------PACKET-------[0m
[33mSource: (D0) Navigation Location[0m
[33mDestination: (BF) LCM Light Control Module[0m
[33mLength: 7[0m
[33mData: ['5B', '00', '00', '00', '00'][0m
[33m[0m
Checking directive: S:D0 D:BF Dat:5B00000000
[33m-------PACKET-------[0m
[33mSource: (80) IKE Instrument Control Electronics[0m
[33mDestination: (BF) LCM Light Control Module[0m
[33mLength: 5[0m
[33mData: ['18', '00', '00'][0m
[33m[0m
Checking directive: S:80 D:BF Dat:180000
[33m-------PACKET-------[0m
[33mSource: (80) IKE Instrument Control Electronics[0m
[33mDestination: (BF) LCM Light Control Module[0m
[33mLength: 6[0m
[33mData: ['19', '10', '80', '00'][0m
[33m[0m
Checking directive: S:80 D:BF Dat:19108000
[33m-------PACKET-------[0m
[33mSource: (80) IKE Instrument Control Electronics[0m
[33mDestination: (BF) LCM Light Control Module[0m
[33mLength: 10[0m
[33mData: ['13', '01', '00', '00', '0C', '00', '00', '14'][0m
[33m[0m
Checking directive: S:80 D:BF Dat:130100000C000014
[33m-------PACKET-------[0m
[33mSource: (80) IKE Instrument Control Electronics[0m
[33mDestination: (D0) Navigation Location[0m
[33mLength: 3[0m
[33mData: ['53'][0m
[33m[0m
Checking directive: S:80 D:D0 Dat:53
[33m-------PACKET-------[0m
[33mSource: (D0) Navigation Location[0m
[33mDestination: (80) IKE Instrument Control Electronics[0m
[33mLength: 16[0m
[33mData: ['54', '46', '59', '59', '14', '40', '07', '88', '40', '8C', '04', '05', '02', '72'][0m
[33m[0m
Checking directive: S:D0 D:80 Dat:5446595914400788408C04050272
[33m-------PACKET-------[0m
[33mSource: (80) IKE Instrument Control Electronics[0m
[33mDestination: (BF) LCM Light Control Module[0m
[33mLength: 10[0m
[33mData: ['13', '01', '00', '00', '04', '00', '00', '14'][0m
[33m[0m
Checking directive: S:80 D:BF Dat:1301000004000014
[33m-------PACKET-------[0m
[33mSource: (5B) UNKOWN[0m
[33mDestination: (00) Broadcast[0m
[33mLength: 3[0m
[33mData: ['71'][0m
[33m[0m
Checking directive: S:5B D:00 Dat:71
[33m-------PACKET-------[0m
[33mSource: (00) Broadcast[0m
[33mDestination: (BF) LCM Light Control Module[0m
[33mLength: 4[0m
[33mData: ['72', '02'][0m
[33m[0m
Checking directive: S:00 D:BF Dat:7202
[33m-------PACKET-------[0m
[33mSource: (80) IKE Instrument Control Electronics[0m
[33mDestination: (BF) LCM Light Control Module[0m
[33mLength: 10[0m
[33mData: ['13', '03', '00', '00', '04', '00', '00', '14'][0m
[33m[0m
Checking directive: S:80 D:BF Dat:1303000004000014
[33m-------PACKET-------[0m
[33mSource: (60) PDC Park Distance Control[0m
[33mDestination: (BF) LCM Light Control Module[0m
[33mLength: 4[0m
[33mData: ['02', '01'][0m
[33m[0m
Checking directive: S:60 D:BF Dat:0201
[33m-------PACKET-------[0m
[33mSource: (80) IKE Instrument Control Electronics[0m
[33mDestination: (BF) LCM Light Control Module[0m
[33mLength: 4[0m
[33mData: ['11', '03'][0m
[33m[0m
Checking directive: S:80 D:BF Dat:1103
[33m-------PACKET-------[0m
[33mSource: (5B) UNKOWN[0m
[33mDestination: (80) IKE Instrument Control Electronics[0m
[33mLength: 5[0m
[33mData: ['83', '80', '08'][0m
[33m[0m
Checking directive: S:5B D:80 Dat:838008
[33m-------PACKET-------[0m
[33mSource: (80) IKE Instrument Control Electronics[0m
[33mDestination: (BF) LCM Light Control Module[0m
[33mLength: 10[0m
[33mData: ['13', '03', '00', '00', '04', '00', '00', '14'][0m
[33m[0m
Checking directive: S:80 D:BF Dat:1303000004000014
[33m-------PACKET-------[0m
[33mSource: (80) IKE Instrument Control Electronics[0m
[33mDestination: (BF) LCM Light Control Module[0m
[33mLength: 10[0m
[33mData: ['13', '03', '00', '00', '00', '00', '00', '14'][0m
[33m[0m
Checking directive: S:80 D:BF Dat:1303000000000014
[33m-------PACKET-------[0m
[33mSource: (5B) UNKOWN[0m
[33mDestination: (D0) Navigation Location[0m
[33mLength: 3[0m
[33mData: ['5D'][0m
[33m[0m
Checking directive: S:5B D:D0 Dat:5D
[33m-------PACKET-------[0m
[33mSource: (D0) Navigation Location[0m
[33mDestination: (BF) LCM Light Control Module[0m
[33mLength: 7[0m
[33mData: ['5C', 'FF', '92', '00', '00'][0m
[33m[0m
Checking directive: S:D0 D:BF Dat:5CFF920000
[33m-------PACKET-------[0m
[33mSource: (5B) UNKOWN[0m
[33mDestination: (80) IKE Instrument Control Electronics[0m
[33mLength: 5[0m
[33mData: ['83', 'C5', '00'][0m
[33m[0m
Checking directive: S:5B D:80 Dat:83C500
[33m-------PACKET-------[0m
[33mSource: (80) IKE Instrument Control Electronics[0m
[33mDestination: (BF) LCM Light Control Module[0m
[33mLength: 10[0m
[33mData: ['13', '03', '00', '00', '00', '00', '00', '14'][0m
[33m[0m
Checking directive: S:80 D:BF Dat:1303000000000014
[33m-------PACKET-------[0m
[33mSource: (80) IKE Instrument Control Electronics[0m
[33mDestination: (BF) LCM Light Control Module[0m
[33mLength: 5[0m
[33mData: ['18', '00', '00'][0m
[33m[0m
Checking directive: S:80 D:BF Dat:180000
[33m-------PACKET-------[0m
[33mSource: (80) IKE Instrument Control Electronics[0m
[33mDestination: (BF) LCM Light Control Module[0m
[33mLength: 5[0m
[33mData: ['18', '00', '00'][0m
[33m[0m
Checking directive: S:80 D:BF Dat:180000
[33m-------PACKET-------[0m
[33mSource: (68) RAD Radio[0m
[33mDestination: (18) CDW - CDC CD-Player[0m
[33mLength: 3[0m
[33mData: ['01'][0m
[33m[0m
Checking directive: S:68 D:18 Dat:01
Detected cdPollResponse!
[33m-------PACKET-------[0m
[33mSource: (18) CDW - CDC CD-Player[0m
[33mDestination: (FF) Broadcast[0m
[33mLength: 4[0m
[33mData: ['02', '00'][0m
[33m[0m
Checking directive: S:18 D:FF Dat:0200
[33m-------PACKET-------[0m
[33mSource: (80) IKE Instrument Control Electronics[0m
[33mDestination: (BF) LCM Light Control Module[0m
[33mLength: 4[0m
[33mData: ['11', '07'][0m
[33m[0m
Checking directive: S:80 D:BF Dat:1107
[33m-------PACKET-------[0m
[33mSource: (A4) UNKOWN[0m
[33mDestination: (BF) LCM Light Control Module[0m
[33mLength: 6[0m
[33mData: ['70', '00', '00', '0A'][0m
[33m[0m
Checking directive: S:A4 D:BF Dat:7000000A
[33m-------PACKET-------[0m
[33mSource: (80) IKE Instrument Control Electronics[0m
[33mDestination: (BF) LCM Light Control Module[0m
[33mLength: 5[0m
[33mData: ['18', '00', '01'][0m
[33m[0m
Checking directive: S:80 D:BF Dat:180001
[33m-------PACKET-------[0m
[33mSource: (A4) UNKOWN[0m
[33mDestination: (BF) LCM Light Control Module[0m
[33mLength: 6[0m
[33mData: ['70', '02', '00', '0A'][0m
[33m[0m
Checking directive: S:A4 D:BF Dat:7002000A
[33m-------PACKET-------[0m
[33mSource: (80) IKE Instrument Control Electronics[0m
[33mDestination: (BF) LCM Light Control Module[0m
[33mLength: 10[0m
[33mData: ['13', '03', '01', '00', '00', '00', '00', '14'][0m
[33m[0m
Checking directive: S:80 D:BF Dat:1303010000000014
[33m-------PACKET-------[0m
[33mSource: (80) IKE Instrument Control Electronics[0m
[33mDestination: (BF) LCM Light Control Module[0m
[33mLength: 4[0m
[33mData: ['11', '03'][0m
[33m[0m
Checking directive: S:80 D:BF Dat:1103
[33m-------PACKET-------[0m
[33mSource: (A4) UNKOWN[0m
[33mDestination: (BF) LCM Light Control Module[0m
[33mLength: 6[0m
[33mData: ['70', '02', '00', '1A'][0m
[33m[0m
Checking directive: S:A4 D:BF Dat:7002001A
[33m-------PACKET-------[0m
[33mSource: (80) IKE Instrument Control Electronics[0m
[33mDestination: (BF) LCM Light Control Module[0m
[33mLength: 10[0m
[33mData: ['13', '01', '01', '00', '00', '00', '00', '14'][0m
[33m[0m
Checking directive: S:80 D:BF Dat:1301010000000014
[33m-------PACKET-------[0m
[33mSource: (A4) UNKOWN[0m
[33mDestination: (BF) LCM Light Control Module[0m
[33mLength: 6[0m
[33mData: ['70', '00', '00', '1A'][0m
[33m[0m
Checking directive: S:A4 D:BF Dat:7000001A
[33m-------PACKET-------[0m
[33mSource: (80) IKE Instrument Control Electronics[0m
[33mDestination: (BF) LCM Light Control Module[0m
[33mLength: 5[0m
[33mData: ['18', '00', '08'][0m
[33m[0m
Checking directive: S:80 D:BF Dat:180008
[33m-------PACKET-------[0m
[33mSource: (80) IKE Instrument Control Electronics[0m
[33mDestination: (BF) LCM Light Control Module[0m
[33mLength: 5[0m
[33mData: ['18', '00', '08'][0m
[33m[0m
Checking directive: S:80 D:BF Dat:180008
[33m-------PACKET-------[0m
[33mSource: (80) IKE Instrument Control Electronics[0m
[33mDestination: (BF) LCM Light Control Module[0m
[33mLength: 6[0m
[33mData: ['19', '10', '1D', '00'][0m
[33m[0m
Checking directive: S:80 D:BF Dat:19101D00
[33m-------PACKET-------[0m
[33mSource: (5B) UNKOWN[0m
[33mDestination: (80) IKE Instrument Control Electronics[0m
[33mLength: 5[0m
[33mData: ['83', 'C7', '08'][0m
[33m[0m
Checking directive: S:5B D:80 Dat:83C708
[33m-------PACKET-------[0m
[33mSource: (80) IKE Instrument Control Electronics[0m
[33mDestination: (BF) LCM Light Control Module[0m
[33mLength: 10[0m
[33mData: ['13', '01', '01', '00', '00', '00', '00', '14'][0m
[33m[0m
Checking directive: S:80 D:BF Dat:1301010000000014
[33m-------PACKET-------[0m
[33mSource: (80) IKE Instrument Control Electronics[0m
[33mDestination: (BF) LCM Light Control Module[0m
[33mLength: 5[0m
[33mData: ['18', '00', '0A'][0m
[33m[0m
Checking directive: S:80 D:BF Dat:18000A
[33m-------PACKET-------[0m
[33mSource: (5B) UNKOWN[0m
[33mDestination: (80) IKE Instrument Control Electronics[0m
[33mLength: 5[0m
[33mData: ['83', 'C8', '20'][0m
[33m[0m
Checking directive: S:5B D:80 Dat:83C820
[33m-------PACKET-------[0m
[33mSource: (80) IKE Instrument Control Electronics[0m
[33mDestination: (BF) LCM Light Control Module[0m
[33mLength: 10[0m
[33mData: ['13', '01', '01', '00', '00', '00', '00', '14'][0m
[33m[0m
Checking directive: S:80 D:BF Dat:1301010000000014
[33m-------PACKET-------[0m
[33mSource: (80) IKE Instrument Control Electronics[0m
[33mDestination: (BF) LCM Light Control Module[0m
[33mLength: 5[0m
[33mData: ['18', '00', '0B'][0m
[33m[0m
Checking directive: S:80 D:BF Dat:18000B
[33m-------PACKET-------[0m
[33mSource: (68) RAD Radio[0m
[33mDestination: (18) CDW - CDC CD-Player[0m
[33mLength: 3[0m
[33mData: ['01'][0m
[33m[0m
Checking directive: S:68 D:18 Dat:01
Detected cdPollResponse!
[33m-------PACKET-------[0m
[33mSource: (18) CDW - CDC CD-Player[0m
[33mDestination: (FF) Broadcast[0m
[33mLength: 4[0m
[33mData: ['02', '00'][0m
[33m[0m
Checking directive: S:18 D:FF Dat:0200
[33m-------PACKET-------[0m
[33mSource: (80) IKE Instrument Control Electronics[0m
[33mDestination: (BF) LCM Light Control Module[0m
[33mLength: 5[0m
[33mData: ['18', '00', '0D'][0m
[33m[0m
Checking directive: S:80 D:BF Dat:18000D
[33m-------PACKET-------[0m
[33mSource: (D0) Navigation Location[0m
[33mDestination: (BF) LCM Light Control Module[0m
[33mLength: 7[0m
[33mData: ['5C', 'FF', '92', 'FF', '00'][0m
[33m[0m
Checking directive: S:D0 D:BF Dat:5CFF92FF00
[33m-------PACKET-------[0m
[33mSource: (80) IKE Instrument Control Electronics[0m
[33mDestination: (BF) LCM Light Control Module[0m
[33mLength: 5[0m
[33mData: ['18', '00', '0B'][0m
[33m[0m
Checking directive: S:80 D:BF Dat:18000B
[33m-------PACKET-------[0m
[33mSource: (80) IKE Instrument Control Electronics[0m
[33mDestination: (BF) LCM Light Control Module[0m
[33mLength: 5[0m
[33mData: ['18', '00', '0C'][0m
[33m[0m
Checking directive: S:80 D:BF Dat:18000C
[33m-------PACKET-------[0m
[33mSource: (80) IKE Instrument Control Electronics[0m
[33mDestination: (BF) LCM Light Control Module[0m
[33mLength: 6[0m
[33mData: ['19', '10', '1D', '00'][0m
[33m[0m
Checking directive: S:80 D:BF Dat:19101D00
[33m-------PACKET-------[0m
[33mSource: (80) IKE Instrument Control Electronics[0m
[33mDestination: (BF) LCM Light Control Module[0m
[33mLength: 5[0m
[33mData: ['18', '00', '14'][0m
[33m[0m
Checking directive: S:80 D:BF Dat:180014
[33m-------PACKET-------[0m
[33mSource: (68) RAD Radio[0m
[33mDestination: (18) CDW - CDC CD-Player[0m
[33mLength: 3[0m
[33mData: ['01'][0m
[33m[0m
Checking directive: S:68 D:18 Dat:01
Detected cdPollResponse!
[33m-------PACKET-------[0m
[33mSource: (18) CDW - CDC CD-Player[0m
[33mDestination: (FF) Broadcast[0m
[33mLength: 4[0m
[33mData: ['02', '00'][0m
[33m[0m
Checking directive: S:18 D:FF Dat:0200
[33m-------PACKET-------[0m
[33mSource: (5B) UNKOWN[0m
[33mDestination: (80) IKE Instrument Control Electronics[0m
[33mLength: 5[0m
[33mData: ['83', 'C9', '28'][0m
[33m[0m
Checking directive: S:5B D:80 Dat:83C928
[33m-------PACKET-------[0m
[33mSource: (80) IKE Instrument Control Electronics[0m
[33mDestination: (BF) LCM Light Control Module[0m
[33mLength: 10[0m
[33mData: ['13', '01', '01', '00', '00', '00', '00', '14'][0m
[33m[0m
Checking directive: S:80 D:BF Dat:1301010000000014
[33m-------PACKET-------[0m
[33mSource: (80) IKE Instrument Control Electronics[0m
[33mDestination: (BF) LCM Light Control Module[0m
[33mLength: 5[0m
[33mData: ['18', '00', '12'][0m
[33m[0m
Checking directive: S:80 D:BF Dat:180012
[33m-------PACKET-------[0m
[33mSource: (80) IKE Instrument Control Electronics[0m
[33mDestination: (BF) LCM Light Control Module[0m
[33mLength: 10[0m
[33mData: ['13', '01', '01', '00', '00', '00', '04', '14'][0m
[33m[0m
Checking directive: S:80 D:BF Dat:1301010000000414
[33m-------PACKET-------[0m
[33mSource: (80) IKE Instrument Control Electronics[0m
[33mDestination: (BF) LCM Light Control Module[0m
[33mLength: 5[0m
[33mData: ['18', '00', '0D'][0m
[33m[0m
Checking directive: S:80 D:BF Dat:18000D
[33m-------PACKET-------[0m
[33mSource: (80) IKE Instrument Control Electronics[0m
[33mDestination: (BF) LCM Light Control Module[0m
[33mLength: 5[0m
[33mData: ['18', '00', '12'][0m
[33m[0m
Checking directive: S:80 D:BF Dat:180012
[33m-------PACKET-------[0m
[33mSource: (80) IKE Instrument Control Electronics[0m
[33mDestination: (FF) Broadcast[0m
[33mLength: 12[0m
[33mData: ['24', '01', '00', '20', '38', '3A', '32', '36', '50', '4D'][0m
[33m[0m
Checking directive: S:80 D:FF Dat:24010020383A3236504D
[33m-------PACKET-------[0m
[33mSource: (80) IKE Instrument Control Electronics[0m
[33mDestination: (BF) LCM Light Control Module[0m
[33mLength: 5[0m
[33mData: ['18', '00', '0C'][0m
[33m[0m
Checking directive: S:80 D:BF Dat:18000C
[33m-------PACKET-------[0m
[33mSource: (80) IKE Instrument Control Electronics[0m
[33mDestination: (BF) LCM Light Control Module[0m
[33mLength: 6[0m
[33mData: ['19', '10', '1E', '00'][0m
[33m[0m
Checking directive: S:80 D:BF Dat:19101E00
[33m-------PACKET-------[0m
[33mSource: (D0) Navigation Location[0m
[33mDestination: (BF) LCM Light Control Module[0m
[33mLength: 7[0m
[33mData: ['5C', 'FF', '92', 'FF', '00'][0m
[33m[0m
Checking directive: S:D0 D:BF Dat:5CFF92FF00
[33m-------PACKET-------[0m
[33mSource: (80) IKE Instrument Control Electronics[0m
[33mDestination: (BF) LCM Light Control Module[0m
[33mLength: 5[0m
[33mData: ['18', '00', '12'][0m
[33m[0m
Checking directive: S:80 D:BF Dat:180012
[33m-------PACKET-------[0m
[33mSource: (68) RAD Radio[0m
[33mDestination: (18) CDW - CDC CD-Player[0m
[33mLength: 3[0m
[33mData: ['01'][0m
[33m[0m
Checking directive: S:68 D:18 Dat:01
Detected cdPollResponse!
[33m-------PACKET-------[0m
[33mSource: (18) CDW - CDC CD-Player[0m
[33mDestination: (FF) Broadcast[0m
[33mLength: 4[0m
[33mData: ['02', '00'][0m
[33m[0m
Checking directive: S:18 D:FF Dat:0200
[33m-------PACKET-------[0m
[33mSource: (5B) UNKOWN[0m
[33mDestination: (80) IKE Instrument Control Electronics[0m
[33mLength: 5[0m
[33mData: ['83', 'C9', '20'][0m
[33m[0m
Checking directive: S:5B D:80 Dat:83C920
[33m-------PACKET-------[0m
[33mSource: (80) IKE Instrument Control Electronics[0m
[33mDestination: (BF) LCM Light Control Module[0m
[33mLength: 10[0m
[33mData: ['13', '01', '01', '00', '00', '00', '04', '14'][0m
[33m[0m
Checking directive: S:80 D:BF Dat:1301010000000414
[33m-------PACKET-------[0m
[33mSource: (80) IKE Instrument Control Electronics[0m
[33mDestination: (BF) LCM Light Control Module[0m
[33mLength: 5[0m
[33mData: ['18', '00', '15'][0m
[33m[0m
Checking directive: S:80 D:BF Dat:180015
[33m-------PACKET-------[0m
[33mSource: (80) IKE Instrument Control Electronics[0m
[33mDestination: (BF) LCM Light Control Module[0m
[33mLength: 5[0m
[33mData: ['18', '00', '08'][0m
[33m[0m
Checking directive: S:80 D:BF Dat:180008
[33m-------PACKET-------[0m
[33mSource: (80) IKE Instrument Control Electronics[0m
[33mDestination: (BF) LCM Light Control Module[0m
[33mLength: 5[0m
[33mData: ['18', '00', '0B'][0m
[33m[0m
Checking directive: S:80 D:BF Dat:18000B
[33m-------PACKET-------[0m
[33mSource: (80) IKE Instrument Control Electronics[0m
[33mDestination: (BF) LCM Light Control Module[0m
[33mLength: 5[0m
[33mData: ['18', '00', '08'][0m
[33m[0m
Checking directive: S:80 D:BF Dat:180008
[33m-------PACKET-------[0m
[33mSource: (80) IKE Instrument Control Electronics[0m
[33mDestination: (BF) LCM Light Control Module[0m
[33mLength: 6[0m
[33mData: ['19', '10', '21', '00'][0m
[33m[0m
Checking directive: S:80 D:BF Dat:19102100
[33m-------PACKET-------[0m
[33mSource: (5B) UNKOWN[0m
[33mDestination: (80) IKE Instrument Control Electronics[0m
[33mLength: 5[0m
[33mData: ['83', 'C8', '08'][0m
[33m[0m
Checking directive: S:5B D:80 Dat:83C808
[33m-------PACKET-------[0m
[33mSource: (80) IKE Instrument Control Electronics[0m
[33mDestination: (BF) LCM Light Control Module[0m
[33mLength: 10[0m
[33mData: ['13', '01', '01', '00', '00', '00', '04', '14'][0m
[33m[0m
Checking directive: S:80 D:BF Dat:1301010000000414
[33m-------PACKET-------[0m
[33mSource: (80) IKE Instrument Control Electronics[0m
[33mDestination: (BF) LCM Light Control Module[0m
[33mLength: 5[0m
[33mData: ['18', '00', '08'][0m
[33m[0m
Checking directive: S:80 D:BF Dat:180008
[33m-------PACKET-------[0m
[33mSource: (68) RAD Radio[0m
[33mDestination: (18) CDW - CDC CD-Player[0m
[33mLength: 3[0m
[33mData: ['01'][0m
[33m[0m
Checking directive: S:68 D:18 Dat:01
Detected cdPollResponse!
[33m-------PACKET-------[0m
[33mSource: (18) CDW - CDC CD-Player[0m
[33mDestination: (FF) Broadcast[0m
[33mLength: 4[0m
[33mData: ['02', '00'][0m
[33m[0m
Checking directive: S:18 D:FF Dat:0200
[33m-------PACKET-------[0m
[33mSource: (80) IKE Instrument Control Electronics[0m
[33mDestination: (BF) LCM Light Control Module[0m
[33mLength: 5[0m
[33mData: ['18', '00', '08'][0m
[33m[0m
Checking directive: S:80 D:BF Dat:180008
[33m-------PACKET-------[0m
[33mSource: (5B) UNKOWN[0m
[33mDestination: (80) IKE Instrument Control Electronics[0m
[33mLength: 5[0m
[33mData: ['83', 'C8', '20'][0m
[33m[0m
Checking directive: S:5B D:80 Dat:83C820
[33m-------PACKET-------[0m
[33mSource: (80) IKE Instrument Control Electronics[0m
[33mDestination: (BF) LCM Light Control Module[0m
[33mLength: 10[0m
[33mData: ['13', '01', '01', '00', '00', '00', '04', '14'][0m
[33m[0m
Checking directive: S:80 D:BF Dat:1301010000000414
[33m-------PACKET-------[0m
[33mSource: (80) IKE Instrument Control Electronics[0m
[33mDestination: (BF) LCM Light Control Module[0m
[33mLength: 10[0m
[33mData: ['13', '00', '01', '00', '00', '00', '04', '14'][0m
[33m[0m
Checking directive: S:80 D:BF Dat:1300010000000414
[33m-------PACKET-------[0m
[33mSource: (80) IKE Instrument Control Electronics[0m
[33mDestination: (BF) LCM Light Control Module[0m
[33mLength: 5[0m
[33mData: ['18', '00', '08'][0m
[33m[0m
Checking directive: S:80 D:BF Dat:180008
[33m-------PACKET-------[0m
[33mSource: (D0) Navigation Location[0m
[33mDestination: (BF) LCM Light Control Module[0m
[33mLength: 7[0m
[33mData: ['5C', 'FF', '92', 'FF', '00'][0m
[33m[0m
Checking directive: S:D0 D:BF Dat:5CFF92FF00
[33m-------PACKET-------[0m
[33mSource: (60) PDC Park Distance Control[0m
[33mDestination: (D0) Navigation Location[0m
[33mLength: 3[0m
[33mData: ['5A'][0m
[33m[0m
Checking directive: S:60 D:D0 Dat:5A
[33m-------PACKET-------[0m
[33mSource: (D0) Navigation Location[0m
[33mDestination: (BF) LCM Light Control Module[0m
[33mLength: 7[0m
[33mData: ['5B', '00', '00', '00', '00'][0m
[33m[0m
Checking directive: S:D0 D:BF Dat:5B00000000
[33m-------PACKET-------[0m
[33mSource: (60) PDC Park Distance Control[0m
[33mDestination: (80) IKE Instrument Control Electronics[0m
[33mLength: 6[0m
[33mData: ['07', '00', '00', '00'][0m
[33m[0m
Checking directive: S:60 D:80 Dat:07000000
[33m-------PACKET-------[0m
[33mSource: (60) PDC Park Distance Control[0m
[33mDestination: (80) IKE Instrument Control Electronics[0m
[33mLength: 6[0m
[33mData: ['07', '00', '00', '00'][0m
[33m[0m
Checking directive: S:60 D:80 Dat:07000000
[33m-------PACKET-------[0m
[33mSource: (80) IKE Instrument Control Electronics[0m
[33mDestination: (BF) LCM Light Control Module[0m
[33mLength: 5[0m
[33mData: ['18', '00', '0A'][0m
[33m[0m
Checking directive: S:80 D:BF Dat:18000A
[33m-------PACKET-------[0m
[33mSource: (60) PDC Park Distance Control[0m
[33mDestination: (80) IKE Instrument Control Electronics[0m
[33mLength: 6[0m
[33mData: ['07', '00', '00', '00'][0m
[33m[0m
Checking directive: S:60 D:80 Dat:07000000
[33m-------PACKET-------[0m
[33mSource: (60) PDC Park Distance Control[0m
[33mDestination: (80) IKE Instrument Control Electronics[0m
[33mLength: 6[0m
[33mData: ['07', '00', '00', '00'][0m
[33m[0m
Checking directive: S:60 D:80 Dat:07000000
[33m-------PACKET-------[0m
[33mSource: (80) IKE Instrument Control Electronics[0m
[33mDestination: (BF) LCM Light Control Module[0m
[33mLength: 5[0m
[33mData: ['18', '00', '08'][0m
[33m[0m
Checking directive: S:80 D:BF Dat:180008
[33m-------PACKET-------[0m
[33mSource: (80) IKE Instrument Control Electronics[0m
[33mDestination: (BF) LCM Light Control Module[0m
[33mLength: 6[0m
[33mData: ['19', '10', '22', '00'][0m
[33m[0m
Checking directive: S:80 D:BF Dat:19102200
[33m-------PACKET-------[0m
[33mSource: (50) MFL Multi Functional Steering Wheel Buttons[0m
[33mDestination: (68) RAD Radio[0m
[33mLength: 4[0m
[33mData: ['32', '11'][0m
[33m[0m
Checking directive: S:50 D:68 Dat:3211
Radio Up!
[33m-------PACKET-------[0m
[33mSource: (50) MFL Multi Functional Steering Wheel Buttons[0m
[33mDestination: (68) RAD Radio[0m
[33mLength: 4[0m
[33mData: ['32', '11'][0m
[33m[0m
Checking directive: S:50 D:68 Dat:3211
Radio Up!
[33m-------PACKET-------[0m
[33mSource: (50) MFL Multi Functional Steering Wheel Buttons[0m
[33mDestination: (68) RAD Radio[0m
[33mLength: 4[0m
[33mData: ['32', '11'][0m
[33m[0m
Checking directive: S:50 D:68 Dat:3211
Radio Up!
[33m-------PACKET-------[0m
[33mSource: (50) MFL Multi Functional Steering Wheel Buttons[0m
[33mDestination: (68) RAD Radio[0m
[33mLength: 4[0m
[33mData: ['32', '11'][0m
[33m[0m
Checking directive: S:50 D:68 Dat:3211
Radio Up!
[33m-------PACKET-------[0m
[33mSource: (50) MFL Multi Functional Steering Wheel Buttons[0m
[33mDestination: (68) RAD Radio[0m
[33mLength: 4[0m
[33mData: ['32', '11'][0m
[33m[0m
Checking directive: S:50 D:68 Dat:3211
Radio Up!
[33m-------PACKET-------[0m
[33mSource: (60) PDC Park Distance Control[0m
[33mDestination: (80) IKE Instrument Control Electronics[0m
[33mLength: 6[0m
[33mData: ['07', '00', '00', '00'][0m
[33m[0m
Checking directive: S:60 D:80 Dat:07000000
[33m-------PACKET-------[0m
[33mSource: (50) MFL Multi Functional Steering Wheel Buttons[0m
[33mDestination: (68) RAD Radio[0m
[33mLength: 4[0m
[33mData: ['32', '11'][0m
[33m[0m
Checking directive: S:50 D:68 Dat:3211
Radio Up!
[33m-------PACKET-------[0m
[33mSource: (50) MFL Multi Functional Steering Wheel Buttons[0m
[33mDestination: (68) RAD Radio[0m
[33mLength: 4[0m
[33mData: ['32', '11'][0m
[33m[0m
Checking directive: S:50 D:68 Dat:3211
Radio Up!
[33m-------PACKET-------[0m
[33mSource: (50) MFL Multi Functional Steering Wheel Buttons[0m
[33mDestination: (68) RAD Radio[0m
[33mLength: 4[0m
[33mData: ['32', '11'][0m
[33m[0m
Checking directive: S:50 D:68 Dat:3211
Radio Up!
[33m-------PACKET-------[0m
[33mSource: (50) MFL Multi Functional Steering Wheel Buttons[0m
[33mDestination: (68) RAD Radio[0m
[33mLength: 4[0m
[33mData: ['32', '11'][0m
[33m[0m
Checking directive: S:50 D:68 Dat:3211
Radio Up!
[33m-------PACKET-------[0m
[33mSource: (50) MFL Multi Functional Steering Wheel Buttons[0m
[33mDestination: (68) RAD Radio[0m
[33mLength: 4[0m
[33mData: ['32', '11'][0m
[33m[0m
Checking directive: S:50 D:68 Dat:3211
Radio Up!
[33m-------PACKET-------[0m
[33mSource: (50) MFL Multi Functional Steering Wheel Buttons[0m
[33mDestination: (68) RAD Radio[0m
[33mLength: 4[0m
[33mData: ['32', '11'][0m
[33m[0m
Checking directive: S:50 D:68 Dat:3211
Radio Up!
[33m-------PACKET-------[0m
[33mSource: (50) MFL Multi Functional Steering Wheel Buttons[0m
[33mDestination: (68) RAD Radio[0m
[33mLength: 4[0m
[33mData: ['32', '11'][0m
[33m[0m
Checking directive: S:50 D:68 Dat:3211
Radio Up!
[33m-------PACKET-------[0m
[33mSource: (60) PDC Park Distance Control[0m
[33mDestination: (80) IKE Instrument Control Electronics[0m
[33mLength: 6[0m
[33mData: ['07', '00', '00', '00'][0m
[33m[0m
Checking directive: S:60 D:80 Dat:07000000
[33m-------PACKET-------[0m
[33mSource: (50) MFL Multi Functional Steering Wheel Buttons[0m
[33mDestination: (68) RAD Radio[0m
[33mLength: 4[0m
[33mData: ['32', '11'][0m
[33m[0m
Checking directive: S:50 D:68 Dat:3211
Radio Up!
[33m-------PACKET-------[0m
[33mSource: (50) MFL Multi Functional Steering Wheel Buttons[0m
[33mDestination: (68) RAD Radio[0m
[33mLength: 4[0m
[33mData: ['32', '11'][0m
[33m[0m
Checking directive: S:50 D:68 Dat:3211
Radio Up!
[33m-------PACKET-------[0m
[33mSource: (80) IKE Instrument Control Electronics[0m
[33mDestination: (BF) LCM Light Control Module[0m
[33mLength: 5[0m
[33mData: ['18', '00', '08'][0m
[33m[0m
Checking directive: S:80 D:BF Dat:180008
[33m-------PACKET-------[0m
[33mSource: (50) MFL Multi Functional Steering Wheel Buttons[0m
[33mDestination: (68) RAD Radio[0m
[33mLength: 4[0m
[33mData: ['32', '11'][0m
[33m[0m
Checking directive: S:50 D:68 Dat:3211
Radio Up!
[33m-------PACKET-------[0m
[33mSource: (50) MFL Multi Functional Steering Wheel Buttons[0m
[33mDestination: (68) RAD Radio[0m
[33mLength: 4[0m
[33mData: ['32', '11'][0m
[33m[0m
Checking directive: S:50 D:68 Dat:3211
Radio Up!
[33m-------PACKET-------[0m
[33mSource: (68) RAD Radio[0m
[33mDestination: (18) CDW - CDC CD-Player[0m
[33mLength: 3[0m
[33mData: ['01'][0m
[33m[0m
Checking directive: S:68 D:18 Dat:01
Detected cdPollResponse!
[33m-------PACKET-------[0m
[33mSource: (18) CDW - CDC CD-Player[0m
[33mDestination: (FF) Broadcast[0m
[33mLength: 4[0m
[33mData: ['02', '00'][0m
[33m[0m
Checking directive: S:18 D:FF Dat:0200
[33m-------PACKET-------[0m
[33mSource: (60) PDC Park Distance Control[0m
[33mDestination: (80) IKE Instrument Control Electronics[0m
[33mLength: 6[0m
[33mData: ['07', '00', '00', '00'][0m
[33m[0m
Checking directive: S:60 D:80 Dat:07000000
[33m-------PACKET-------[0m
[33mSource: (50) MFL Multi Functional Steering Wheel Buttons[0m
[33mDestination: (68) RAD Radio[0m
[33mLength: 4[0m
[33mData: ['3B', '01'][0m
[33m[0m
Checking directive: S:50 D:68 Dat:3B01
[33m-------PACKET-------[0m
[33mSource: (50) MFL Multi Functional Steering Wheel Buttons[0m
[33mDestination: (68) RAD Radio[0m
[33mLength: 4[0m
[33mData: ['3B', '21'][0m
[33m[0m
Checking directive: S:50 D:68 Dat:3B21
[33m-------PACKET-------[0m
[33mSource: (68) RAD Radio[0m
[33mDestination: (18) CDW - CDC CD-Player[0m
[33mLength: 5[0m
[33mData: ['38', '0A', '00'][0m
[33m[0m
Checking directive: S:68 D:18 Dat:380A00
Scan Up!
